# JRE version: OpenJDK Runtime Environment (8.0_242-b01) (build 1.8.0_242-release-1644-b01)
# Java VM: OpenJDK 64-Bit Server VM (25.242-b01 mixed mode windows-amd64 compressed oops)
Heap:
 PSYoungGen      total 229376K, used 160030K [0x00000000d5580000, 0x00000000e7680000, 0x0000000100000000)
  eden space 208384K, 68% used [0x00000000d5580000,0x00000000de0fd420,0x00000000e2100000)
  from space 20992K, 81% used [0x00000000e2100000,0x00000000e31ca4c0,0x00000000e3580000)
  to   space 22528K, 0% used [0x00000000e6080000,0x00000000e6080000,0x00000000e7680000)
 ParOldGen       total 206336K, used 36456K [0x0000000080000000, 0x000000008c980000, 0x00000000d5580000)
  object space 206336K, 17% used [0x0000000080000000,0x000000008239a398,0x000000008c980000)
 Metaspace       used 67616K, capacity 70848K, committed 71128K, reserved 1110016K
  class space    used 9227K, capacity 9889K, committed 9984K, reserved 1048576K
GC Heap History (10 events):
Event: 10.174 GC heap before
{Heap before GC invocations=10 (full 2):
 PSYoungGen      total 118272K, used 105984K [0x00000000d5580000, 0x00000000e1e80000, 0x0000000100000000)
  eden space 105984K, 100% used [0x00000000d5580000,0x00000000dbd00000,0x00000000dbd00000)
  from space 12288K, 0% used [0x00000000dbd00000,0x00000000dbd00000,0x00000000dc900000)
  to   space 11776K, 0% used [0x00000000e1300000,0x00000000e1300000,0x00000000e1e80000)
 ParOldGen       total 135168K, used 14832K [0x0000000080000000, 0x0000000088400000, 0x00000000d5580000)
  object space 135168K, 10% used [0x0000000080000000,0x0000000080e7c2b0,0x0000000088400000)
 Metaspace       used 37134K, capacity 38864K, committed 39128K, reserved 1083392K
  class space    used 5110K, capacity 5507K, committed 5632K, reserved 1048576K
Event: 10.187 GC heap after
Heap after GC invocations=10 (full 2):
 PSYoungGen      total 170496K, used 7200K [0x00000000d5580000, 0x00000000e1a80000, 0x0000000100000000)
  eden space 162816K, 0% used [0x00000000d5580000,0x00000000d5580000,0x00000000df480000)
  from space 7680K, 93% used [0x00000000e1300000,0x00000000e1a08298,0x00000000e1a80000)
  to   space 11776K, 0% used [0x00000000e0380000,0x00000000e0380000,0x00000000e0f00000)
 ParOldGen       total 135168K, used 14840K [0x0000000080000000, 0x0000000088400000, 0x00000000d5580000)
  object space 135168K, 10% used [0x0000000080000000,0x0000000080e7e2b0,0x0000000088400000)
 Metaspace       used 37134K, capacity 38864K, committed 39128K, reserved 1083392K
  class space    used 5110K, capacity 5507K, committed 5632K, reserved 1048576K
}
Event: 15.364 GC heap before
{Heap before GC invocations=11 (full 2):
 PSYoungGen      total 170496K, used 170016K [0x00000000d5580000, 0x00000000e1a80000, 0x0000000100000000)
  eden space 162816K, 100% used [0x00000000d5580000,0x00000000df480000,0x00000000df480000)
  from space 7680K, 93% used [0x00000000e1300000,0x00000000e1a08298,0x00000000e1a80000)
  to   space 11776K, 0% used [0x00000000e0380000,0x00000000e0380000,0x00000000e0f00000)
 ParOldGen       total 135168K, used 14840K [0x0000000080000000, 0x0000000088400000, 0x00000000d5580000)
  object space 135168K, 10% used [0x0000000080000000,0x0000000080e7e2b0,0x0000000088400000)
 Metaspace       used 51053K, capacity 53190K, committed 53336K, reserved 1095680K
  class space    used 6829K, capacity 7289K, committed 7296K, reserved 1048576K
Event: 15.412 GC heap after
Heap after GC invocations=11 (full 2):
 PSYoungGen      total 189952K, used 11756K [0x00000000d5580000, 0x00000000e4680000, 0x0000000100000000)
  eden space 178176K, 0% used [0x00000000d5580000,0x00000000d5580000,0x00000000e0380000)
  from space 11776K, 99% used [0x00000000e0380000,0x00000000e0efb320,0x00000000e0f00000)
  to   space 17408K, 0% used [0x00000000e3580000,0x00000000e3580000,0x00000000e4680000)
 ParOldGen       total 135168K, used 26280K [0x0000000080000000, 0x0000000088400000, 0x00000000d5580000)
  object space 135168K, 19% used [0x0000000080000000,0x00000000819aa070,0x0000000088400000)
 Metaspace       used 51053K, capacity 53190K, committed 53336K, reserved 1095680K
  class space    used 6829K, capacity 7289K, committed 7296K, reserved 1048576K
}
Event: 18.354 GC heap before
{Heap before GC invocations=12 (full 2):
 PSYoungGen      total 189952K, used 103708K [0x00000000d5580000, 0x00000000e4680000, 0x0000000100000000)
  eden space 178176K, 51% used [0x00000000d5580000,0x00000000daf4bf60,0x00000000e0380000)
  from space 11776K, 99% used [0x00000000e0380000,0x00000000e0efb320,0x00000000e0f00000)
  to   space 17408K, 0% used [0x00000000e3580000,0x00000000e3580000,0x00000000e4680000)
 ParOldGen       total 135168K, used 26280K [0x0000000080000000, 0x0000000088400000, 0x00000000d5580000)
  object space 135168K, 19% used [0x0000000080000000,0x00000000819aa070,0x0000000088400000)
 Metaspace       used 56392K, capacity 58830K, committed 58968K, reserved 1099776K
  class space    used 7693K, capacity 8236K, committed 8320K, reserved 1048576K
Event: 18.403 GC heap after
Heap after GC invocations=12 (full 2):
 PSYoungGen      total 225792K, used 17389K [0x00000000d5580000, 0x00000000e6000000, 0x0000000100000000)
  eden space 208384K, 0% used [0x00000000d5580000,0x00000000d5580000,0x00000000e2100000)
  from space 17408K, 99% used [0x00000000e3580000,0x00000000e467b740,0x00000000e4680000)
  to   space 20992K, 0% used [0x00000000e2100000,0x00000000e2100000,0x00000000e3580000)
 ParOldGen       total 135168K, used 30678K [0x0000000080000000, 0x0000000088400000, 0x00000000d5580000)
  object space 135168K, 22% used [0x0000000080000000,0x0000000081df58c0,0x0000000088400000)
 Metaspace       used 56392K, capacity 58830K, committed 58968K, reserved 1099776K
  class space    used 7693K, capacity 8236K, committed 8320K, reserved 1048576K
}
Event: 18.403 GC heap before
{Heap before GC invocations=13 (full 3):
 PSYoungGen      total 225792K, used 17389K [0x00000000d5580000, 0x00000000e6000000, 0x0000000100000000)
  eden space 208384K, 0% used [0x00000000d5580000,0x00000000d5580000,0x00000000e2100000)
  from space 17408K, 99% used [0x00000000e3580000,0x00000000e467b740,0x00000000e4680000)
  to   space 20992K, 0% used [0x00000000e2100000,0x00000000e2100000,0x00000000e3580000)
 ParOldGen       total 135168K, used 30678K [0x0000000080000000, 0x0000000088400000, 0x00000000d5580000)
  object space 135168K, 22% used [0x0000000080000000,0x0000000081df58c0,0x0000000088400000)
 Metaspace       used 56392K, capacity 58830K, committed 58968K, reserved 1099776K
  class space    used 7693K, capacity 8236K, committed 8320K, reserved 1048576K
Event: 18.954 GC heap after
Heap after GC invocations=13 (full 3):
 PSYoungGen      total 225792K, used 0K [0x00000000d5580000, 0x00000000e6000000, 0x0000000100000000)
  eden space 208384K, 0% used [0x00000000d5580000,0x00000000d5580000,0x00000000e2100000)
  from space 17408K, 0% used [0x00000000e3580000,0x00000000e3580000,0x00000000e4680000)
  to   space 20992K, 0% used [0x00000000e2100000,0x00000000e2100000,0x00000000e3580000)
 ParOldGen       total 206336K, used 36448K [0x0000000080000000, 0x000000008c980000, 0x00000000d5580000)
  object space 206336K, 17% used [0x0000000080000000,0x0000000082398398,0x000000008c980000)
 Metaspace       used 56359K, capacity 58722K, committed 58968K, reserved 1099776K
  class space    used 7683K, capacity 8218K, committed 8320K, reserved 1048576K
}
Event: 23.719 GC heap before
{Heap before GC invocations=14 (full 3):
 PSYoungGen      total 225792K, used 208384K [0x00000000d5580000, 0x00000000e6000000, 0x0000000100000000)
  eden space 208384K, 100% used [0x00000000d5580000,0x00000000e2100000,0x00000000e2100000)
  from space 17408K, 0% used [0x00000000e3580000,0x00000000e3580000,0x00000000e4680000)
  to   space 20992K, 0% used [0x00000000e2100000,0x00000000e2100000,0x00000000e3580000)
 ParOldGen       total 206336K, used 36448K [0x0000000080000000, 0x000000008c980000, 0x00000000d5580000)
  object space 206336K, 17% used [0x0000000080000000,0x0000000082398398,0x000000008c980000)
 Metaspace       used 64101K, capacity 67172K, committed 67288K, reserved 1107968K
  class space    used 8822K, capacity 9437K, committed 9472K, reserved 1048576K
Event: 23.747 GC heap after
Heap after GC invocations=14 (full 3):
 PSYoungGen      total 229376K, used 17193K [0x00000000d5580000, 0x00000000e7680000, 0x0000000100000000)
  eden space 208384K, 0% used [0x00000000d5580000,0x00000000d5580000,0x00000000e2100000)
  from space 20992K, 81% used [0x00000000e2100000,0x00000000e31ca4c0,0x00000000e3580000)
  to   space 22528K, 0% used [0x00000000e6080000,0x00000000e6080000,0x00000000e7680000)
 ParOldGen       total 206336K, used 36456K [0x0000000080000000, 0x000000008c980000, 0x00000000d5580000)
  object space 206336K, 17% used [0x0000000080000000,0x000000008239a398,0x000000008c980000)
 Metaspace       used 64101K, capacity 67172K, committed 67288K, reserved 1107968K
  class space    used 8822K, capacity 9437K, committed 9472K, reserved 1048576K
}

